  Process.cpp
E:\Semester 5\DSA\Labs\Lab4\Process.h(8,9): error C3646: 'processName': unknown override specifier
E:\Semester 5\DSA\Labs\Lab4\Process.h(8,20): error C4430: missing type specifier - int assumed. Note: C++ does not support default-int
E:\Semester 5\DSA\Labs\Lab4\Process.h(10,19): error C2061: syntax error: identifier 'string'
E:\Semester 5\DSA\Labs\Lab4\Process.cpp(5,1): error C2511: 'Process::Process(int,std::string,int)': overloaded member function not found in 'Process'
E:\Semester 5\DSA\Labs\Lab4\Process.h(4): message : see declaration of 'Process'
E:\Semester 5\DSA\Labs\Lab4\Process.cpp(6,2): error C2597: illegal reference to non-static member 'Process::processId'
E:\Semester 5\DSA\Labs\Lab4\Process.h(7): message : see declaration of 'Process::processId'
E:\Semester 5\DSA\Labs\Lab4\Process.cpp(7,2): error C2065: 'processName': undeclared identifier
E:\Semester 5\DSA\Labs\Lab4\Process.cpp(8,2): error C2597: illegal reference to non-static member 'Process::executionTime'
E:\Semester 5\DSA\Labs\Lab4\Process.h(9): message : see declaration of 'Process::executionTime'
E:\Semester 5\DSA\Labs\Lab4\Process.cpp(13,30): error C2065: 'processName': undeclared identifier
E:\Semester 5\DSA\Labs\Lab4\Process.cpp(19,2): error C2065: 'processName': undeclared identifier
E:\Semester 5\DSA\Labs\Lab4\Process.cpp(19,18): error C2039: 'processName': is not a member of 'Process'
E:\Semester 5\DSA\Labs\Lab4\Process.h(4): message : see declaration of 'Process'
  Schedular.cpp
E:\Semester 5\DSA\Labs\Lab4\Process.h(8,9): error C3646: 'processName': unknown override specifier
E:\Semester 5\DSA\Labs\Lab4\Process.h(8,20): error C4430: missing type specifier - int assumed. Note: C++ does not support default-int
E:\Semester 5\DSA\Labs\Lab4\Process.h(10,19): error C2061: syntax error: identifier 'string'
  Source.cpp
E:\Semester 5\DSA\Labs\Lab4\Process.h(8,9): error C3646: 'processName': unknown override specifier
E:\Semester 5\DSA\Labs\Lab4\Process.h(8,20): error C4430: missing type specifier - int assumed. Note: C++ does not support default-int
E:\Semester 5\DSA\Labs\Lab4\Process.h(10,19): error C2061: syntax error: identifier 'string'
E:\Semester 5\DSA\Labs\Lab4\Source.cpp(9,71): error C2440: 'initializing': cannot convert from 'initializer list' to 'Process'
E:\Semester 5\DSA\Labs\Lab4\Source.cpp(9,71): message : No constructor could take the source type, or constructor overload resolution was ambiguous
  Generating Code...
